WARNING:waitress.queue:Task queue depth is 1
WARNING:waitress.queue:Task queue depth is 2
WARNING:waitress.queue:Task queue depth is 3
WARNING:waitress.queue:Task queue depth is 4
WARNING:waitress.queue:Task queue depth is 5
WARNING:waitress.queue:Task queue depth is 6
WARNING:waitress.queue:Task queue depth is 7

(venv) C:\Users\ML-3\Documents\GitHub\DeviceDataPlatform>WARNING:waitress.queue:Task queue depth is 1
WARNING:urllib3.connectionpool:Retrying (Retry(total=2, connect=None, read=None, redirect=None, status=None)) after connection broken by 'ProtocolError('Connection aborted.', ConnectionResetError(10054, 'An existing connection was forcibly closed by the remote host', None, 10054, None))': /session/761b4c472cf288ab8dbd565d0d2c0331/url
Message: 

Message: 

Traceback (most recent call last):
  File "C:\Users\ML-3\Documents\GitHub\DeviceDataPlatform\venv\Lib\site-packages\waitress\server.py", line 166, in run
 * Serving Flask app 'modules.web_app'
 * Debug mode: on
WARNING: This is a development server. Do not use it in a production deployment. Use a production WSGI server instead.
 * Running on http://127.0.0.1:5000
Press CTRL+C to quit
 * Restarting with stat
 * Debugger is active!
 * Debugger PIN: 281-637-309
127.0.0.1 - - [27/Jan/2023 13:17:03] "GET / HTTP/1.1" 200 -
127.0.0.1 - - [27/Jan/2023 13:17:03] "GET /static/main.css HTTP/1.1" 200 -
127.0.0.1 - - [27/Jan/2023 13:17:03] "GET /favicon.ico HTTP/1.1" 404 -
127.0.0.1 - - [27/Jan/2023 13:17:08] "POST / HTTP/1.1" 302 -
127.0.0.1 - - [27/Jan/2023 13:17:08] "GET /home HTTP/1.1" 200 -
127.0.0.1 - - [27/Jan/2023 13:17:08] "GET /static/main.css HTTP/1.1" 200 -
127.0.0.1 - - [27/Jan/2023 13:17:10] "GET /addpatient HTTP/1.1" 200 -
127.0.0.1 - - [27/Jan/2023 13:17:10] "GET /static/main.css HTTP/1.1" 200 -

(venv) C:\Users\ML-3\Documents\GitHub\DeviceDataPlatform> * Serving Flask app 'modules.web_app'
 * Debug mode: on
WARNING: This is a development server. Do not use it in a production deployment. Use a production WSGI server instead.
 * Running on http://127.0.0.1:5000
Press CTRL+C to quit
 * Restarting with stat
 * Debugger is active!
 * Debugger PIN: 281-637-309
127.0.0.1 - - [27/Jan/2023 13:19:36] "GET /addpatient HTTP/1.1" 200 -
127.0.0.1 - - [27/Jan/2023 13:19:36] "GET /static/main.css HTTP/1.1" 200 -
127.0.0.1 - - [27/Jan/2023 13:20:05] "GET / HTTP/1.1" 302 -
INFO:werkzeug:127.0.0.1 - - [27/Jan/2023 13:20:05] "[32mGET / HTTP/1.1[0m" 302 -
127.0.0.1 - - [27/Jan/2023 13:20:05] "GET /home HTTP/1.1" 200 -
INFO:werkzeug:127.0.0.1 - - [27/Jan/2023 13:20:05] "GET /home HTTP/1.1" 200 -
127.0.0.1 - - [27/Jan/2023 13:20:05] "GET /static/main.css HTTP/1.1" 200 -
INFO:werkzeug:127.0.0.1 - - [27/Jan/2023 13:20:05] "GET /static/main.css HTTP/1.1" 200 -
127.0.0.1 - - [27/Jan/2023 13:20:07] "GET /addpatient HTTP/1.1" 200 -
INFO:werkzeug:127.0.0.1 - - [27/Jan/2023 13:20:07] "GET /addpatient HTTP/1.1" 200 -
127.0.0.1 - - [27/Jan/2023 13:20:07] "GET /static/main.css HTTP/1.1" 200 -
INFO:werkzeug:127.0.0.1 - - [27/Jan/2023 13:20:07] "GET /static/main.css HTTP/1.1" 200 -

(venv) C:\Users\ML-3\Documents\GitHub\DeviceDataPlatform> * Serving Flask app 'modules.web_app'
 * Debug mode: on
WARNING: This is a development server. Do not use it in a production deployment. Use a production WSGI server instead.
 * Running on http://127.0.0.1:5000
Press CTRL+C to quit
 * Restarting with stat
 * Debugger is active!
 * Debugger PIN: 281-637-309
127.0.0.1 - - [27/Jan/2023 13:21:44] "GET / HTTP/1.1" 200 -
127.0.0.1 - - [27/Jan/2023 13:21:44] "GET /static/main.css HTTP/1.1" 200 -
127.0.0.1 - - [27/Jan/2023 13:21:44] "GET /favicon.ico HTTP/1.1" 404 -
127.0.0.1 - - [27/Jan/2023 13:21:49] "POST / HTTP/1.1" 200 -
127.0.0.1 - - [27/Jan/2023 13:21:49] "GET /static/main.css HTTP/1.1" 200 -
127.0.0.1 - - [27/Jan/2023 13:21:53] "POST / HTTP/1.1" 302 -
127.0.0.1 - - [27/Jan/2023 13:21:53] "GET /home HTTP/1.1" 200 -
127.0.0.1 - - [27/Jan/2023 13:21:53] "GET /static/main.css HTTP/1.1" 200 -
127.0.0.1 - - [27/Jan/2023 13:21:54] "GET /addpatient HTTP/1.1" 200 -
127.0.0.1 - - [27/Jan/2023 13:21:54] "GET /static/main.css HTTP/1.1" 200 -
127.0.0.1 - - [27/Jan/2023 13:25:20] "POST /addpatient HTTP/1.1" 200 -
INFO:werkzeug:127.0.0.1 - - [27/Jan/2023 13:25:20] "POST /addpatient HTTP/1.1" 200 -
127.0.0.1 - - [27/Jan/2023 13:25:20] "GET /static/main.css HTTP/1.1" 200 -
INFO:werkzeug:127.0.0.1 - - [27/Jan/2023 13:25:20] "GET /static/main.css HTTP/1.1" 200 -
127.0.0.1 - - [27/Jan/2023 13:30:13] "POST /addpatient HTTP/1.1" 200 -
INFO:werkzeug:127.0.0.1 - - [27/Jan/2023 13:30:13] "POST /addpatient HTTP/1.1" 200 -
127.0.0.1 - - [27/Jan/2023 13:30:13] "GET /static/main.css HTTP/1.1" 200 -
INFO:werkzeug:127.0.0.1 - - [27/Jan/2023 13:30:13] "GET /static/main.css HTTP/1.1" 200 -
 * Detected change in 'C:\\Users\\ML-3\\Documents\\GitHub\\DeviceDataPlatform\\run_web_app.py', reloading
INFO:werkzeug: * Detected change in 'C:\\Users\\ML-3\\Documents\\GitHub\\DeviceDataPlatform\\run_web_app.py', reloading
Message: 

Message: 

 * Restarting with stat

(venv) C:\Users\ML-3\Documents\GitHub\DeviceDataPlatform>Message: 

Message: 

Hi

(venv) C:\Users\ML-3\Documents\GitHub\DeviceDataPlatform>Message: 

Message: 

Message: 


(venv) C:\Users\ML-3\Documents\GitHub\DeviceDataPlatform>Hi

(venv) C:\Users\ML-3\Documents\GitHub\DeviceDataPlatform>Hi
1
2
Message: 


(venv) C:\Users\ML-3\Documents\GitHub\DeviceDataPlatform>Hi
3
4
5
6
7
8
9
10
Traceback (most recent call last):
  File "C:\Users\ML-3\Documents\GitHub\DeviceDataPlatform\venv\Lib\site-packages\waitress\server.py", line 322, in run
  File "C:\Users\ML-3\Documents\GitHub\DeviceDataPlatform\venv\Lib\site-packages\waitress\wasyncore.py", line 245, in loop
    poll_fun(timeout, map)
  File "C:\Users\ML-3\Documents\GitHub\DeviceDataPlatform\venv\Lib\site-packages\waitress\wasyncore.py", line 172, in poll
    r, w, e = select.select(r, w, e, timeout)
              ^^^^^^^^^^^^^^^^^^^^^^^^^^^^^^^
KeyboardInterrupt

During handling of the above exception, another exception occurred:

Traceback (most recent call last):
  File "C:\Users\ML-3\Documents\GitHub\DeviceDataPlatform\run_web_app.py", line 10, in <module>
    serve(app, host="0.0.0.0", port=5000)
  File "C:\Users\ML-3\Documents\GitHub\DeviceDataPlatform\venv\Lib\site-packages\waitress\__init__.py", line 19, in serve
    server.run()
  File "C:\Users\ML-3\Documents\GitHub\DeviceDataPlatform\venv\Lib\site-packages\waitress\server.py", line 328, in run
    self.task_dispatcher.shutdown()
  File "C:\Users\ML-3\Documents\GitHub\DeviceDataPlatform\venv\Lib\site-packages\waitress\task.py", line 128, in shutdown
    self.thread_exit_cv.wait(0.1)
  File "C:\Users\ML-3\AppData\Local\Programs\Python\Python311\Lib\threading.py", line 324, in wait
Traceback (most recent call last):
  File "C:\Users\ML-3\Documents\GitHub\DeviceDataPlatform\run_web_app.py", line 22, in <module>
    wait.until(lambda driver: callback_url in driver.current_url)
  File "C:\Users\ML-3\Documents\GitHub\DeviceDataPlatform\venv\Lib\site-packages\selenium\webdriver\support\wait.py", line 92, in until
    time.sleep(self._poll)
KeyboardInterrupt
^C
(venv) C:\Users\ML-3\Documents\GitHub\DeviceDataPlatform>Traceback (most recent call last):
  File "C:\Users\ML-3\Documents\GitHub\DeviceDataPlatform\run_web_app.py", line 22, in <module>
    wait.until(lambda driver: callback_url in driver.current_url)
  File "C:\Users\ML-3\Documents\GitHub\DeviceDataPlatform\venv\Lib\site-packages\selenium\webdriver\support\wait.py", line 92, in until
    time.sleep(self._poll)
KeyboardInterrupt
^C
(venv) C:\Users\ML-3\Documents\GitHub\DeviceDataPlatform>Traceback (most recent call last):
  File "C:\Users\ML-3\Documents\GitHub\DeviceDataPlatform\run_web_app.py", line 22, in <module>
    wait.until(lambda driver: callback_url in driver.current_url)
  File "C:\Users\ML-3\Documents\GitHub\DeviceDataPlatform\venv\Lib\site-packages\selenium\webdriver\support\wait.py", line 92, in until
    time.sleep(self._poll)
KeyboardInterrupt
^C
(venv) C:\Users\ML-3\Documents\GitHub\DeviceDataPlatform>Traceback (most recent call last):
  File "C:\Users\ML-3\Documents\GitHub\DeviceDataPlatform\run_web_app.py", line 22, in <module>
    wait.until(lambda driver: callback_url in driver.current_url)
  File "C:\Users\ML-3\Documents\GitHub\DeviceDataPlatform\venv\Lib\site-packages\selenium\webdriver\support\wait.py", line 92, in until
    time.sleep(self._poll)
KeyboardInterrupt
^C
(venv) C:\Users\ML-3\Documents\GitHub\DeviceDataPlatform>